Starting MongoMemoryServer...
MongoMemoryServer started at: mongodb://127.0.0.1:27017/
Loading middleware/error.js
[WebPush] Initialized with public key: BGixtKJV9U...
Loading models/Rental.js
Loading middleware/auth.js
Loading controllers/landlordController.js
Loading routes/landlordRoutes.js
[Server] Loading .env from: /app/backend/.env
[Server] .env exists: true
[Server] CLOUDINARY_CLOUD_NAME: MISSING
[Server] CLOUDINARY_API_KEY: MISSING
[Server] CLOUDINARY_API_SECRET: MISSING

═══════════════════════════════════════════════════════════
  WARNING: WhatsApp Webhook Configuration
═══════════════════════════════════════════════════════════

  WHATSAPP_VERIFY_TOKEN is not configured.
  WhatsApp webhook verification will be disabled.

  To enable WhatsApp webhooks, add to backend/.env:
    WHATSAPP_VERIFY_TOKEN=your_secure_verify_token

═══════════════════════════════════════════════════════════


═══════════════════════════════════════════════════════════
  MPesa Daraja API Configuration Loaded
═══════════════════════════════════════════════════════════
[Server] MPESA_CONSUMER_KEY: LOADED ✓
[Server] MPESA_CONSUMER_SECRET: LOADED ✓
[Server] MPESA_SHORTCODE: 174379
[Server] MPESA_PASSKEY: LOADED ✓
[Server] MPESA_CALLBACK_URL: http://localhost:5000/api/payments/callback
[Server] MPESA_ENVIRONMENT: sandbox
═══════════════════════════════════════════════════════════

[RENT REMINDER JOB] Scheduled to run daily at midnight
[RENT REMINDER JOB] First run in: 375 minutes
(node:157261) [MONGOOSE] Warning: Duplicate schema index on {"user":1} found. This is often due to declaring an index using both "index: true" and "schema.index()". Please remove the duplicate index definition.
(Use `node --trace-warnings ...` to show where the warning was created)
(node:157261) [MONGOOSE] Warning: Duplicate schema index on {"pickupLocation.coordinates":"2dsphere"} found. This is often due to declaring an index using both "index: true" and "schema.index()". Please remove the duplicate index definition.
(node:157261) [MONGOOSE] Warning: Duplicate schema index on {"dropoffLocation.coordinates":"2dsphere"} found. This is often due to declaring an index using both "index: true" and "schema.index()". Please remove the duplicate index definition.
Server running in development mode on port 5000
MongoDB Connected: 127.0.0.1
[SCHEDULED] Running initial notification cleanup...
[LOGIN REQUEST] { email: 'customer@example.com', password: 'password123' }
[USER FOUND] true
[USER EMAIL] customer@example.com
[SEARCH EMAIL] customer@example.com
[PASSWORD FIELD EXISTS] true
[USER ACTIVE] true
[USER DELETED] false
[PASSWORD HASH] $2a$10$okng3m6jXI0fv7jHgLi.8eBUEuxcQsHXMmhKCgEhna6LoM.qxly5m
[PASSWORD PROVIDED] password123
[PASSWORD MATCH] true
[BCRYPT COMPARE DETAILS] {
  plainPassword: 'password123',
  storedHash: '$2a$10$okng3m6jXI0fv7jHgLi.8eBUEuxcQsHXMmhKCgEhna6LoM.qxly5m',
  match: true
}
[0mPOST /api/auth/login [32m200[0m 159.700 ms - 434[0m
[0mGET /api/notifications/unread-count [32m200[0m 22.798 ms - 35[0m
[0mGET /api/notifications?page=1&limit=20 [32m200[0m 30.693 ms - 77[0m
[0mGET /api/customer/dashboard/stats [32m200[0m 48.090 ms - 159[0m
[0mGET /api/wishlist [32m200[0m 32.887 ms - 77[0m
[0mGET /api/customer/dashboard/stats [36m304[0m 16.752 ms - -[0m
[CUSTOMER ORDERS API] []
[0mGET /api/customer/orders?page=1&limit=10 [32m200[0m 15.836 ms - 77[0m
[0mGET /api/rentals/favorites/my-favorites [32m200[0m 23.677 ms - 26[0m
[CUSTOMER ORDERS API] []
[0mGET /api/customer/orders?page=1&limit=10 [36m304[0m 16.971 ms - -[0m
[0mGET /api/customer/bookings?page=1&limit=50 [32m200[0m 6.208 ms - 77[0m
[0mGET /api/customer/bookings?page=1&limit=50 [36m304[0m 5.062 ms - -[0m
[0mGET /api/customer/rides?page=1&limit=50 [32m200[0m 8.305 ms - 77[0m
[0mGET /api/customer/rides?page=1&limit=50 [36m304[0m 6.388 ms - -[0m
[0mGET /api/products?page=1&limit=12&category=healthcare&sort=-createdAt [32m200[0m 28.011 ms - 1662[0m
[0mGET /api/auth/profile [32m200[0m 26.351 ms - 1166[0m
[0mGET /api/auth/profile [36m304[0m 20.842 ms - -[0m
[0mGET /api/products?page=1&limit=12&category=healthcare&sort=-createdAt [36m304[0m 27.205 ms - -[0m
[0mGET /api/notifications/unread-count [36m304[0m 11.479 ms - -[0m
[0mGET /api/notifications?page=1&limit=20 [36m304[0m 24.056 ms - -[0m
[0mGET /api/wishlist [36m304[0m 26.256 ms - -[0m
[0mGET /api/rentals/favorites/my-favorites [36m304[0m 14.745 ms - -[0m
[VIEW BACKEND] Tracking view for product: 6a5e5e7bddc85f6e59f09a32 User: new ObjectId('6a5e5e7bddc85f6e59f09a30') Role: customer
[VIEW BACKEND] Views incremented for product: 6a5e5e7bddc85f6e59f09a32 New count: 1
[0mPOST /api/products/6a5e5e7bddc85f6e59f09a32/view [32m200[0m 22.322 ms - 77[0m
