Starting MongoMemoryServer...
MongoMemoryServer started at mongodb://127.0.0.1:45955/
Starting backend server (server.js)...
Loading middleware/error.js
Loading models/Rental.js
Loading middleware/auth.js
Loading controllers/landlordController.js
Loading routes/landlordRoutes.js
[Server] Loading .env from: /app/backend/.env
[Server] .env exists: false
[Server] CLOUDINARY_CLOUD_NAME: MISSING
[Server] CLOUDINARY_API_KEY: MISSING
[Server] CLOUDINARY_API_SECRET: MISSING

═══════════════════════════════════════════════════════════
  WARNING: WhatsApp Webhook Configuration
═══════════════════════════════════════════════════════════

  WHATSAPP_VERIFY_TOKEN is not configured.
  WhatsApp webhook verification will be disabled.

  To enable WhatsApp webhooks, add to backend/.env:
    WHATSAPP_VERIFY_TOKEN=your_secure_verify_token

═══════════════════════════════════════════════════════════


═══════════════════════════════════════════════════════════
  FATAL: Missing required MPesa Daraja configuration
═══════════════════════════════════════════════════════════

  The following environment variables must be set in backend/.env:
    - MPESA_CONSUMER_KEY
    - MPESA_CONSUMER_SECRET
    - MPESA_SHORTCODE
    - MPESA_PASSKEY
    - MPESA_CALLBACK_URL

  These are required for M-Pesa STK Push payments.
  Please configure your Daraja API credentials.

═══════════════════════════════════════════════════════════

[Server] MPesa payments will be disabled. Set all MPESA_* variables to enable.
[RENT REMINDER JOB] Scheduled to run daily at midnight
[RENT REMINDER JOB] First run in: 970 minutes
(node:336334) [MONGOOSE] Warning: Duplicate schema index on {"user":1} found. This is often due to declaring an index using both "index: true" and "schema.index()". Please remove the duplicate index definition.
(Use `node --trace-warnings ...` to show where the warning was created)
Server running in development mode on port 5000
MongoDB Connected: 127.0.0.1
[SCHEDULED] Running initial notification cleanup...
[REGISTER] Generated verification code for test_business_1784274621@example.com : 676044
[EMAIL SERVICE] sendVerificationEmail called with: {
  email: 'test_business_1784274621@example.com',
  codeLength: 6,
  code: '676044'
}
[EMAIL] Brevo not configured. Email would have been sent:
[EMAIL] To: test_business_1784274621@example.com
[EMAIL] Subject: Verify Your ConnectHub Email
[EMAIL] Content:
    <div style="font-family: Arial, sans-serif; max-width: 600px; margin: 0 auto; padding: 20px;">
      <div style="background: linear-gradient(135deg, #667eea 0%, #764ba2 100%); padding: 30px; bord...
[0mPOST /api/auth/register [32m201[0m 184.530 ms - 237[0m
[REGISTER] Generated verification code for test_business_1784274724@example.com : 338844
[EMAIL SERVICE] sendVerificationEmail called with: {
  email: 'test_business_1784274724@example.com',
  codeLength: 6,
  code: '338844'
}
[EMAIL] Brevo not configured. Email would have been sent:
[EMAIL] To: test_business_1784274724@example.com
[EMAIL] Subject: Verify Your ConnectHub Email
[EMAIL] Content:
    <div style="font-family: Arial, sans-serif; max-width: 600px; margin: 0 auto; padding: 20px;">
      <div style="background: linear-gradient(135deg, #667eea 0%, #764ba2 100%); padding: 30px; bord...
[0mPOST /api/auth/register [32m201[0m 125.982 ms - 237[0m
[VERIFY EMAIL] Received request: { email: 'test_business_1784274724@example.com', code: '6 digits' }
[EMAIL] Brevo not configured. Email would have been sent:
[EMAIL] To: test_business_1784274724@example.com
[EMAIL] Subject: Welcome to ConnectHub!
[EMAIL] Content:
    <div style="font-family: Arial, sans-serif; max-width: 600px; margin: 0 auto; padding: 20px;">
      <div style="background: linear-gradient(135deg, #667eea 0%, #764ba2 100%); padding: 30px; bord...
[0mPOST /api/verification/verify-email [32m200[0m 92.086 ms - 445[0m
[0mGET /api/notifications?page=1&limit=20 [32m200[0m 42.130 ms - 77[0m
[0mGET /api/notifications/unread-count [32m200[0m 47.159 ms - 35[0m
[0mGET /api/wishlist [32m200[0m 40.767 ms - 77[0m
[0mPOST /api/setup/business [32m200[0m 19.067 ms - 834[0m
[0mGET /api/auth/profile [32m200[0m 12.437 ms - 1512[0m
[0mGET /api/notifications/unread-count [36m304[0m 15.917 ms - -[0m
[0mGET /api/notifications?page=1&limit=20 [36m304[0m 19.602 ms - -[0m
[0mGET /api/business/orders?page=1&limit=10 [32m200[0m 19.907 ms - 77[0m
[WALLET CALCULATION SERVICE] {
  userId: new ObjectId('6a59df2887120b43ac490c1b'),
  role: 'business',
  walletId: new ObjectId('6a59df2887120b43ac490c1d'),
  availableBalance: 0,
  pendingBalance: 0,
  totalEarnings: 0,
  totalWithdrawn: 0,
  monthlyEarnings: 0,
  pendingEarnings: 0
}
[0mGET /api/business/dashboard/stats [32m200[0m 47.329 ms - 282[0m
[0mGET /api/business/orders?page=1&limit=10 [36m304[0m 28.328 ms - -[0m
[WALLET CALCULATION SERVICE] {
  userId: new ObjectId('6a59df2887120b43ac490c1b'),
  role: 'business',
  walletId: new ObjectId('6a59df2887120b43ac490c1d'),
  availableBalance: 0,
  pendingBalance: 0,
  totalEarnings: 0,
  totalWithdrawn: 0,
  monthlyEarnings: 0,
  pendingEarnings: 0
}
[0mGET /api/business/dashboard/stats [36m304[0m 24.065 ms - -[0m
[LOGIN REQUEST] {
  email: 'test_business_1784274724@example.com',
  password: 'password123'
}
[USER FOUND] true
[USER EMAIL] test_business_1784274724@example.com
[SEARCH EMAIL] test_business_1784274724@example.com
[PASSWORD FIELD EXISTS] true
[USER ACTIVE] true
[USER DELETED] false
[PASSWORD HASH] $2a$10$U62ixDI7iuaiGRw3sQl5guboIpFeGnza6umJYx8AQU4R3q7dBouC6
[PASSWORD PROVIDED] password123
[PASSWORD MATCH] true
[BCRYPT COMPARE DETAILS] {
  plainPassword: 'password123',
  storedHash: '$2a$10$U62ixDI7iuaiGRw3sQl5guboIpFeGnza6umJYx8AQU4R3q7dBouC6',
  match: true
}
[0mPOST /api/auth/login [32m200[0m 132.926 ms - 550[0m
[0mGET /api/business/orders?page=1&limit=10 [36m304[0m 15.367 ms - -[0m
[0mGET /api/wishlist [36m304[0m 19.596 ms - -[0m
[0mGET /api/notifications/unread-count [36m304[0m 33.254 ms - -[0m
[0mGET /api/notifications?page=1&limit=20 [36m304[0m 40.136 ms - -[0m
[WALLET CALCULATION SERVICE] {
  userId: new ObjectId('6a59df2887120b43ac490c1b'),
  role: 'business',
  walletId: new ObjectId('6a59df2887120b43ac490c1d'),
  availableBalance: 0,
  pendingBalance: 0,
  totalEarnings: 0,
  totalWithdrawn: 0,
  monthlyEarnings: 0,
  pendingEarnings: 0
}
[0mGET /api/business/dashboard/stats [36m304[0m 65.701 ms - -[0m
[0mGET /api/business/orders?page=1&limit=10 [36m304[0m 29.212 ms - -[0m
[WALLET CALCULATION SERVICE] {
  userId: new ObjectId('6a59df2887120b43ac490c1b'),
  role: 'business',
  walletId: new ObjectId('6a59df2887120b43ac490c1d'),
  availableBalance: 0,
  pendingBalance: 0,
  totalEarnings: 0,
  totalWithdrawn: 0,
  monthlyEarnings: 0,
  pendingEarnings: 0
}
[0mGET /api/business/dashboard/stats [36m304[0m 22.612 ms - -[0m
Backend server exited with code null
